{
  "Unit Tests": {
    "coverage": {
      "/Users/brendandillon/turing/1module/battleship/lib/timer.rb": [
        1,
        null,
        1,
        1,
        1,
        null,
        null,
        1,
        1,
        null,
        null,
        1,
        1,
        null,
        null,
        1,
        1,
        null,
        null,
        null
      ]
    },
    "timestamp": 1469045144
  },
  "RSpec": {
    "coverage": {
      "/Users/brendandillon/turing/1module/battleship/lib/timer.rb": [
        1,
        null,
        1,
        1,
        1,
        null,
        null,
        1,
        1,
        null,
        null,
        1,
        1,
        null,
        null,
        1,
        1,
        null,
        null,
        null
      ],
      "/Users/brendandillon/turing/1module/battleship/test/cell_test.rb": [
        1,
        null,
        1,
        null,
        1,
        1,
        null,
        0,
        null,
        null,
        1,
        1,
        0,
        null,
        0,
        null,
        0,
        null,
        null,
        1,
        1,
        null,
        0,
        null,
        null,
        1,
        1,
        null,
        0,
        null,
        0,
        null,
        null,
        1,
        1,
        0,
        null,
        0,
        null,
        0,
        0,
        null,
        null,
        1,
        1,
        0,
        null,
        0,
        0,
        null,
        0,
        null,
        null,
        null
      ],
      "/Users/brendandillon/turing/1module/battleship/test/display_test.rb": [
        1,
        null,
        null,
        null,
        null,
        null,
        null,
        null,
        1,
        null,
        null,
        1,
        1,
        0,
        0,
        null,
        0,
        null,
        null,
        1,
        1,
        0,
        0,
        null,
        0,
        0,
        null,
        0,
        null,
        null,
        1,
        1,
        0,
        0,
        null,
        0,
        null,
        0,
        null,
        null,
        1,
        1,
        0,
        0,
        null,
        0,
        null,
        0,
        null,
        null,
        1,
        1,
        0,
        0,
        null,
        0,
        null,
        0,
        null,
        null,
        1,
        1,
        0,
        0,
        0,
        null,
        0,
        null,
        null,
        1,
        1,
        0,
        0,
        0,
        0,
        null,
        null,
        null,
        null,
        null
      ],
      "/Users/brendandillon/turing/1module/battleship/test/game_test.rb": [
        1,
        null,
        1,
        null,
        1,
        1,
        null,
        0,
        null,
        null,
        1,
        1,
        null,
        0,
        null,
        null,
        1,
        1,
        null,
        0,
        null,
        null
      ],
      "/Users/brendandillon/turing/1module/battleship/test/input_test.rb": [
        1,
        null,
        1,
        null,
        1,
        null,
        1,
        1,
        null,
        null,
        1,
        1,
        null,
        null,
        1,
        1,
        null,
        null,
        null
      ],
      "/Users/brendandillon/turing/1module/battleship/lib/input.rb": [
        1,
        null,
        1,
        0,
        0,
        0,
        0,
        0,
        null,
        null,
        null,
        null
      ],
      "/Users/brendandillon/turing/1module/battleship/test/player_test.rb": [
        1,
        null,
        1,
        null,
        1,
        1,
        null,
        0,
        null,
        null,
        null
      ],
      "/Users/brendandillon/turing/1module/battleship/test/robot_blueprint_test.rb": [
        1,
        null,
        1,
        null,
        1,
        1,
        null,
        0,
        null,
        null,
        1,
        1,
        null,
        0,
        null,
        null,
        1,
        1,
        null,
        0,
        0,
        null,
        null,
        1,
        1,
        null,
        0,
        0,
        null,
        null,
        1,
        1,
        null,
        0,
        null,
        null,
        null
      ],
      "/Users/brendandillon/turing/1module/battleship/test/robot_test.rb": [
        1,
        null,
        1,
        null,
        1,
        1,
        null,
        0,
        null,
        null,
        1,
        1,
        null,
        0,
        null,
        null,
        1,
        1,
        0,
        null,
        0,
        null,
        null,
        1,
        1,
        0,
        null,
        0,
        null,
        null,
        1,
        1,
        null,
        0,
        null,
        0,
        null,
        null,
        null
      ],
      "/Users/brendandillon/turing/1module/battleship/test/rules_test.rb": [
        1,
        null,
        1,
        null,
        1,
        1,
        0,
        0,
        0,
        0,
        null,
        null,
        1,
        1,
        null,
        0,
        null,
        0,
        0,
        null,
        0,
        null,
        0,
        0,
        null,
        null,
        null
      ],
      "/Users/brendandillon/turing/1module/battleship/test/ship_test.rb": [
        1,
        null,
        1,
        null,
        1,
        1,
        null,
        0,
        null,
        null,
        1,
        1,
        null,
        0,
        null,
        null,
        1,
        1,
        null,
        0,
        null,
        0,
        null,
        null,
        1,
        1,
        null,
        0,
        0,
        null,
        0,
        null,
        null,
        1,
        1,
        null,
        0,
        0,
        0,
        null,
        0,
        null,
        null,
        null
      ],
      "/Users/brendandillon/turing/1module/battleship/test/test_helper.rb": [
        1,
        1,
        null,
        1,
        1,
        null,
        null,
        null,
        null,
        null,
        null,
        null,
        null,
        null,
        null,
        null,
        1
      ],
      "/Users/brendandillon/turing/1module/battleship/test/timer_test.rb": [
        1,
        null,
        1,
        null,
        1,
        1,
        null,
        1,
        1,
        1,
        null,
        1,
        null,
        null,
        null
      ]
    },
    "timestamp": 1469062413
  }
}
